{"C:\\laragon\\www\\TQS_buscaminas-tdd-project-1569183\\src\\public\\js\\gameFunctions.js": {"path":"C:\\laragon\\www\\TQS_buscaminas-tdd-project-1569183\\src\\public\\js\\gameFunctions.js","statementMap":{"0":{"start":{"line":3,"column":8},"end":{"line":3,"column":26}},"1":{"start":{"line":4,"column":8},"end":{"line":4,"column":33}},"2":{"start":{"line":5,"column":8},"end":{"line":5,"column":22}},"3":{"start":{"line":6,"column":8},"end":{"line":6,"column":23}},"4":{"start":{"line":7,"column":8},"end":{"line":7,"column":30}},"5":{"start":{"line":8,"column":8},"end":{"line":8,"column":23}},"6":{"start":{"line":9,"column":8},"end":{"line":9,"column":23}},"7":{"start":{"line":10,"column":8},"end":{"line":10,"column":23}},"8":{"start":{"line":16,"column":8},"end":{"line":18,"column":9}},"9":{"start":{"line":17,"column":12},"end":{"line":17,"column":19}},"10":{"start":{"line":20,"column":8},"end":{"line":20,"column":34}},"11":{"start":{"line":21,"column":8},"end":{"line":21,"column":27}},"12":{"start":{"line":22,"column":8},"end":{"line":22,"column":32}},"13":{"start":{"line":23,"column":8},"end":{"line":23,"column":69}},"14":{"start":{"line":25,"column":22},"end":{"line":25,"column":23}},"15":{"start":{"line":26,"column":28},"end":{"line":26,"column":59}},"16":{"start":{"line":29,"column":8},"end":{"line":32,"column":17}},"17":{"start":{"line":30,"column":12},"end":{"line":30,"column":22}},"18":{"start":{"line":31,"column":12},"end":{"line":31,"column":46}},"19":{"start":{"line":37,"column":8},"end":{"line":37,"column":30}},"20":{"start":{"line":38,"column":21},"end":{"line":38,"column":37}},"21":{"start":{"line":39,"column":21},"end":{"line":39,"column":40}},"22":{"start":{"line":42,"column":8},"end":{"line":44,"column":9}},"23":{"start":{"line":43,"column":12},"end":{"line":43,"column":71}},"24":{"start":{"line":47,"column":8},"end":{"line":49,"column":9}},"25":{"start":{"line":48,"column":12},"end":{"line":48,"column":19}},"26":{"start":{"line":52,"column":8},"end":{"line":85,"column":9}},"27":{"start":{"line":53,"column":12},"end":{"line":53,"column":33}},"28":{"start":{"line":54,"column":12},"end":{"line":54,"column":27}},"29":{"start":{"line":56,"column":12},"end":{"line":56,"column":38}},"30":{"start":{"line":57,"column":12},"end":{"line":57,"column":76}},"31":{"start":{"line":60,"column":12},"end":{"line":82,"column":13}},"32":{"start":{"line":60,"column":27},"end":{"line":60,"column":28}},"33":{"start":{"line":61,"column":16},"end":{"line":81,"column":17}},"34":{"start":{"line":61,"column":31},"end":{"line":61,"column":32}},"35":{"start":{"line":62,"column":44},"end":{"line":62,"column":84}},"36":{"start":{"line":63,"column":20},"end":{"line":80,"column":21}},"37":{"start":{"line":65,"column":24},"end":{"line":67,"column":25}},"38":{"start":{"line":66,"column":28},"end":{"line":66,"column":74}},"39":{"start":{"line":69,"column":24},"end":{"line":69,"column":65}},"40":{"start":{"line":70,"column":24},"end":{"line":70,"column":55}},"41":{"start":{"line":71,"column":24},"end":{"line":71,"column":61}},"42":{"start":{"line":74,"column":24},"end":{"line":76,"column":25}},"43":{"start":{"line":75,"column":28},"end":{"line":75,"column":76}},"44":{"start":{"line":77,"column":24},"end":{"line":79,"column":25}},"45":{"start":{"line":78,"column":28},"end":{"line":78,"column":107}},"46":{"start":{"line":84,"column":12},"end":{"line":84,"column":19}},"47":{"start":{"line":88,"column":28},"end":{"line":88,"column":68}},"48":{"start":{"line":91,"column":8},"end":{"line":99,"column":9}},"49":{"start":{"line":92,"column":12},"end":{"line":92,"column":69}},"50":{"start":{"line":93,"column":12},"end":{"line":93,"column":49}},"51":{"start":{"line":94,"column":12},"end":{"line":94,"column":56}},"52":{"start":{"line":95,"column":12},"end":{"line":95,"column":39}},"53":{"start":{"line":96,"column":12},"end":{"line":96,"column":45}},"54":{"start":{"line":98,"column":12},"end":{"line":98,"column":19}},"55":{"start":{"line":102,"column":8},"end":{"line":102,"column":65}},"56":{"start":{"line":103,"column":8},"end":{"line":103,"column":34}},"57":{"start":{"line":104,"column":8},"end":{"line":104,"column":45}},"58":{"start":{"line":105,"column":8},"end":{"line":105,"column":33}},"59":{"start":{"line":107,"column":8},"end":{"line":107,"column":35}},"60":{"start":{"line":108,"column":8},"end":{"line":108,"column":41}},"61":{"start":{"line":111,"column":27},"end":{"line":116,"column":9}},"62":{"start":{"line":119,"column":8},"end":{"line":127,"column":9}},"63":{"start":{"line":120,"column":27},"end":{"line":120,"column":46}},"64":{"start":{"line":121,"column":27},"end":{"line":121,"column":46}},"65":{"start":{"line":124,"column":12},"end":{"line":126,"column":13}},"66":{"start":{"line":125,"column":16},"end":{"line":125,"column":46}},"67":{"start":{"line":132,"column":8},"end":{"line":134,"column":9}},"68":{"start":{"line":133,"column":12},"end":{"line":133,"column":35}},"69":{"start":{"line":136,"column":21},"end":{"line":136,"column":37}},"70":{"start":{"line":137,"column":21},"end":{"line":137,"column":40}},"71":{"start":{"line":139,"column":8},"end":{"line":139,"column":65}},"72":{"start":{"line":141,"column":28},"end":{"line":141,"column":68}},"73":{"start":{"line":142,"column":26},"end":{"line":142,"column":58}},"74":{"start":{"line":143,"column":26},"end":{"line":143,"column":58}},"75":{"start":{"line":146,"column":8},"end":{"line":196,"column":9}},"76":{"start":{"line":147,"column":12},"end":{"line":147,"column":69}},"77":{"start":{"line":148,"column":12},"end":{"line":148,"column":25}},"78":{"start":{"line":149,"column":12},"end":{"line":149,"column":45}},"79":{"start":{"line":151,"column":12},"end":{"line":154,"column":13}},"80":{"start":{"line":152,"column":16},"end":{"line":152,"column":29}},"81":{"start":{"line":153,"column":16},"end":{"line":153,"column":49}},"82":{"start":{"line":155,"column":15},"end":{"line":196,"column":9}},"83":{"start":{"line":156,"column":12},"end":{"line":156,"column":57}},"84":{"start":{"line":157,"column":12},"end":{"line":157,"column":25}},"85":{"start":{"line":158,"column":12},"end":{"line":158,"column":45}},"86":{"start":{"line":160,"column":12},"end":{"line":195,"column":13}},"87":{"start":{"line":161,"column":16},"end":{"line":161,"column":29}},"88":{"start":{"line":162,"column":16},"end":{"line":162,"column":49}},"89":{"start":{"line":165,"column":16},"end":{"line":194,"column":17}},"90":{"start":{"line":167,"column":20},"end":{"line":182,"column":21}},"91":{"start":{"line":167,"column":35},"end":{"line":167,"column":36}},"92":{"start":{"line":168,"column":24},"end":{"line":181,"column":25}},"93":{"start":{"line":168,"column":39},"end":{"line":168,"column":40}},"94":{"start":{"line":169,"column":51},"end":{"line":169,"column":91}},"95":{"start":{"line":170,"column":28},"end":{"line":172,"column":29}},"96":{"start":{"line":171,"column":32},"end":{"line":171,"column":79}},"97":{"start":{"line":173,"column":28},"end":{"line":173,"column":68}},"98":{"start":{"line":174,"column":28},"end":{"line":174,"column":58}},"99":{"start":{"line":175,"column":28},"end":{"line":175,"column":64}},"100":{"start":{"line":178,"column":28},"end":{"line":180,"column":29}},"101":{"start":{"line":179,"column":32},"end":{"line":179,"column":79}},"102":{"start":{"line":183,"column":20},"end":{"line":183,"column":84}},"103":{"start":{"line":184,"column":20},"end":{"line":184,"column":46}},"104":{"start":{"line":185,"column":32},"end":{"line":185,"column":66}},"105":{"start":{"line":186,"column":20},"end":{"line":186,"column":54}},"106":{"start":{"line":188,"column":32},"end":{"line":188,"column":73}},"107":{"start":{"line":189,"column":20},"end":{"line":189,"column":80}},"108":{"start":{"line":190,"column":20},"end":{"line":190,"column":83}},"109":{"start":{"line":191,"column":20},"end":{"line":191,"column":41}},"110":{"start":{"line":243,"column":24},"end":{"line":243,"column":45}},"111":{"start":{"line":246,"column":0},"end":{"line":246,"column":33}}},"fnMap":{"0":{"name":"(anonymous_0)","decl":{"start":{"line":2,"column":4},"end":{"line":2,"column":5}},"loc":{"start":{"line":2,"column":18},"end":{"line":12,"column":5}},"line":2},"1":{"name":"(anonymous_1)","decl":{"start":{"line":15,"column":4},"end":{"line":15,"column":5}},"loc":{"start":{"line":15,"column":22},"end":{"line":33,"column":5}},"line":15},"2":{"name":"(anonymous_2)","decl":{"start":{"line":29,"column":33},"end":{"line":29,"column":34}},"loc":{"start":{"line":29,"column":44},"end":{"line":32,"column":9}},"line":29},"3":{"name":"(anonymous_3)","decl":{"start":{"line":36,"column":4},"end":{"line":36,"column":5}},"loc":{"start":{"line":36,"column":23},"end":{"line":128,"column":5}},"line":36},"4":{"name":"(anonymous_4)","decl":{"start":{"line":131,"column":4},"end":{"line":131,"column":5}},"loc":{"start":{"line":131,"column":45},"end":{"line":197,"column":5}},"line":131}},"branchMap":{"0":{"loc":{"start":{"line":16,"column":8},"end":{"line":18,"column":9}},"type":"if","locations":[{"start":{"line":16,"column":8},"end":{"line":18,"column":9}},{"start":{},"end":{}}],"line":16},"1":{"loc":{"start":{"line":42,"column":8},"end":{"line":44,"column":9}},"type":"if","locations":[{"start":{"line":42,"column":8},"end":{"line":44,"column":9}},{"start":{},"end":{}}],"line":42},"2":{"loc":{"start":{"line":42,"column":12},"end":{"line":42,"column":60}},"type":"binary-expr","locations":[{"start":{"line":42,"column":12},"end":{"line":42,"column":19}},{"start":{"line":42,"column":23},"end":{"line":42,"column":34}},{"start":{"line":42,"column":38},"end":{"line":42,"column":45}},{"start":{"line":42,"column":49},"end":{"line":42,"column":60}}],"line":42},"3":{"loc":{"start":{"line":47,"column":8},"end":{"line":49,"column":9}},"type":"if","locations":[{"start":{"line":47,"column":8},"end":{"line":49,"column":9}},{"start":{},"end":{}}],"line":47},"4":{"loc":{"start":{"line":52,"column":8},"end":{"line":85,"column":9}},"type":"if","locations":[{"start":{"line":52,"column":8},"end":{"line":85,"column":9}},{"start":{},"end":{}}],"line":52},"5":{"loc":{"start":{"line":63,"column":20},"end":{"line":80,"column":21}},"type":"if","locations":[{"start":{"line":63,"column":20},"end":{"line":80,"column":21}},{"start":{},"end":{}}],"line":63},"6":{"loc":{"start":{"line":65,"column":24},"end":{"line":67,"column":25}},"type":"if","locations":[{"start":{"line":65,"column":24},"end":{"line":67,"column":25}},{"start":{},"end":{}}],"line":65},"7":{"loc":{"start":{"line":74,"column":24},"end":{"line":76,"column":25}},"type":"if","locations":[{"start":{"line":74,"column":24},"end":{"line":76,"column":25}},{"start":{},"end":{}}],"line":74},"8":{"loc":{"start":{"line":74,"column":28},"end":{"line":74,"column":110}},"type":"binary-expr","locations":[{"start":{"line":74,"column":28},"end":{"line":74,"column":53}},{"start":{"line":74,"column":57},"end":{"line":74,"column":81}},{"start":{"line":74,"column":85},"end":{"line":74,"column":110}}],"line":74},"9":{"loc":{"start":{"line":77,"column":24},"end":{"line":79,"column":25}},"type":"if","locations":[{"start":{"line":77,"column":24},"end":{"line":79,"column":25}},{"start":{},"end":{}}],"line":77},"10":{"loc":{"start":{"line":91,"column":8},"end":{"line":99,"column":9}},"type":"if","locations":[{"start":{"line":91,"column":8},"end":{"line":99,"column":9}},{"start":{},"end":{}}],"line":91},"11":{"loc":{"start":{"line":91,"column":12},"end":{"line":91,"column":64}},"type":"binary-expr","locations":[{"start":{"line":91,"column":12},"end":{"line":91,"column":36}},{"start":{"line":91,"column":40},"end":{"line":91,"column":64}}],"line":91},"12":{"loc":{"start":{"line":124,"column":12},"end":{"line":126,"column":13}},"type":"if","locations":[{"start":{"line":124,"column":12},"end":{"line":126,"column":13}},{"start":{},"end":{}}],"line":124},"13":{"loc":{"start":{"line":124,"column":16},"end":{"line":124,"column":111}},"type":"binary-expr","locations":[{"start":{"line":124,"column":16},"end":{"line":124,"column":27}},{"start":{"line":124,"column":31},"end":{"line":124,"column":44}},{"start":{"line":124,"column":48},"end":{"line":124,"column":59}},{"start":{"line":124,"column":63},"end":{"line":124,"column":76}},{"start":{"line":124,"column":80},"end":{"line":124,"column":111}}],"line":124},"14":{"loc":{"start":{"line":131,"column":31},"end":{"line":131,"column":43}},"type":"default-arg","locations":[{"start":{"line":131,"column":39},"end":{"line":131,"column":43}}],"line":131},"15":{"loc":{"start":{"line":132,"column":8},"end":{"line":134,"column":9}},"type":"if","locations":[{"start":{"line":132,"column":8},"end":{"line":134,"column":9}},{"start":{},"end":{}}],"line":132},"16":{"loc":{"start":{"line":146,"column":8},"end":{"line":196,"column":9}},"type":"if","locations":[{"start":{"line":146,"column":8},"end":{"line":196,"column":9}},{"start":{"line":155,"column":15},"end":{"line":196,"column":9}}],"line":146},"17":{"loc":{"start":{"line":151,"column":12},"end":{"line":154,"column":13}},"type":"if","locations":[{"start":{"line":151,"column":12},"end":{"line":154,"column":13}},{"start":{},"end":{}}],"line":151},"18":{"loc":{"start":{"line":155,"column":15},"end":{"line":196,"column":9}},"type":"if","locations":[{"start":{"line":155,"column":15},"end":{"line":196,"column":9}},{"start":{},"end":{}}],"line":155},"19":{"loc":{"start":{"line":160,"column":12},"end":{"line":195,"column":13}},"type":"if","locations":[{"start":{"line":160,"column":12},"end":{"line":195,"column":13}},{"start":{},"end":{}}],"line":160},"20":{"loc":{"start":{"line":165,"column":16},"end":{"line":194,"column":17}},"type":"if","locations":[{"start":{"line":165,"column":16},"end":{"line":194,"column":17}},{"start":{},"end":{}}],"line":165},"21":{"loc":{"start":{"line":170,"column":28},"end":{"line":172,"column":29}},"type":"if","locations":[{"start":{"line":170,"column":28},"end":{"line":172,"column":29}},{"start":{},"end":{}}],"line":170},"22":{"loc":{"start":{"line":178,"column":28},"end":{"line":180,"column":29}},"type":"if","locations":[{"start":{"line":178,"column":28},"end":{"line":180,"column":29}},{"start":{},"end":{}}],"line":178},"23":{"loc":{"start":{"line":178,"column":32},"end":{"line":178,"column":114}},"type":"binary-expr","locations":[{"start":{"line":178,"column":32},"end":{"line":178,"column":57}},{"start":{"line":178,"column":61},"end":{"line":178,"column":85}},{"start":{"line":178,"column":89},"end":{"line":178,"column":114}}],"line":178}},"s":{"0":11,"1":11,"2":11,"3":11,"4":11,"5":11,"6":11,"7":11,"8":10,"9":1,"10":9,"11":9,"12":9,"13":9,"14":9,"15":9,"16":9,"17":4,"18":4,"19":19,"20":19,"21":19,"22":19,"23":2,"24":17,"25":1,"26":16,"27":1,"28":1,"29":1,"30":1,"31":1,"32":1,"33":3,"34":3,"35":9,"36":9,"37":9,"38":1,"39":9,"40":9,"41":9,"42":9,"43":3,"44":9,"45":1,"46":1,"47":15,"48":15,"49":10,"50":10,"51":10,"52":10,"53":10,"54":10,"55":5,"56":5,"57":5,"58":5,"59":5,"60":5,"61":5,"62":5,"63":20,"64":20,"65":20,"66":8,"67":6,"68":0,"69":6,"70":6,"71":6,"72":6,"73":6,"74":6,"75":6,"76":1,"77":1,"78":1,"79":1,"80":1,"81":1,"82":5,"83":5,"84":5,"85":5,"86":5,"87":4,"88":4,"89":4,"90":1,"91":1,"92":3,"93":3,"94":9,"95":9,"96":3,"97":9,"98":9,"99":9,"100":9,"101":6,"102":1,"103":1,"104":1,"105":1,"106":1,"107":1,"108":1,"109":1,"110":2,"111":2},"f":{"0":11,"1":10,"2":4,"3":19,"4":6},"b":{"0":[1,9],"1":[2,17],"2":[19,18,17,17],"3":[1,16],"4":[1,15],"5":[9,0],"6":[1,8],"7":[3,6],"8":[9,9,4],"9":[1,8],"10":[10,5],"11":[15,10],"12":[8,12],"13":[20,17,16,13,12],"14":[6],"15":[0,6],"16":[1,5],"17":[1,0],"18":[5,0],"19":[4,1],"20":[1,3],"21":[3,6],"22":[6,3],"23":[9,9,9]},"_coverageSchema":"1a1c01bbd47fc00a2c39e90264f33305004495a9","hash":"22ab3d69d6027a47ce875f65668327bc9584a9fd"}
}
