{"C:\\laragon\\www\\TQS_project\\src\\public\\js\\gameFunctions.js": {"path":"C:\\laragon\\www\\TQS_project\\src\\public\\js\\gameFunctions.js","statementMap":{"0":{"start":{"line":3,"column":8},"end":{"line":3,"column":26}},"1":{"start":{"line":4,"column":8},"end":{"line":4,"column":33}},"2":{"start":{"line":5,"column":8},"end":{"line":5,"column":22}},"3":{"start":{"line":6,"column":8},"end":{"line":6,"column":23}},"4":{"start":{"line":7,"column":8},"end":{"line":7,"column":30}},"5":{"start":{"line":8,"column":8},"end":{"line":8,"column":23}},"6":{"start":{"line":9,"column":8},"end":{"line":9,"column":23}},"7":{"start":{"line":10,"column":8},"end":{"line":10,"column":23}},"8":{"start":{"line":15,"column":8},"end":{"line":17,"column":9}},"9":{"start":{"line":16,"column":12},"end":{"line":16,"column":19}},"10":{"start":{"line":19,"column":8},"end":{"line":19,"column":34}},"11":{"start":{"line":20,"column":8},"end":{"line":20,"column":27}},"12":{"start":{"line":21,"column":8},"end":{"line":21,"column":32}},"13":{"start":{"line":22,"column":8},"end":{"line":22,"column":69}},"14":{"start":{"line":24,"column":22},"end":{"line":24,"column":23}},"15":{"start":{"line":25,"column":28},"end":{"line":25,"column":59}},"16":{"start":{"line":28,"column":8},"end":{"line":31,"column":17}},"17":{"start":{"line":29,"column":12},"end":{"line":29,"column":22}},"18":{"start":{"line":30,"column":12},"end":{"line":30,"column":46}},"19":{"start":{"line":36,"column":8},"end":{"line":36,"column":30}},"20":{"start":{"line":37,"column":21},"end":{"line":37,"column":37}},"21":{"start":{"line":38,"column":21},"end":{"line":38,"column":40}},"22":{"start":{"line":41,"column":8},"end":{"line":43,"column":9}},"23":{"start":{"line":42,"column":12},"end":{"line":42,"column":19}},"24":{"start":{"line":46,"column":8},"end":{"line":48,"column":9}},"25":{"start":{"line":47,"column":12},"end":{"line":47,"column":19}},"26":{"start":{"line":51,"column":8},"end":{"line":84,"column":9}},"27":{"start":{"line":52,"column":12},"end":{"line":52,"column":33}},"28":{"start":{"line":53,"column":12},"end":{"line":53,"column":27}},"29":{"start":{"line":55,"column":12},"end":{"line":55,"column":38}},"30":{"start":{"line":56,"column":12},"end":{"line":56,"column":76}},"31":{"start":{"line":59,"column":12},"end":{"line":81,"column":13}},"32":{"start":{"line":59,"column":27},"end":{"line":59,"column":28}},"33":{"start":{"line":60,"column":16},"end":{"line":80,"column":17}},"34":{"start":{"line":60,"column":31},"end":{"line":60,"column":32}},"35":{"start":{"line":61,"column":44},"end":{"line":61,"column":84}},"36":{"start":{"line":62,"column":20},"end":{"line":79,"column":21}},"37":{"start":{"line":64,"column":24},"end":{"line":66,"column":25}},"38":{"start":{"line":65,"column":28},"end":{"line":65,"column":74}},"39":{"start":{"line":68,"column":24},"end":{"line":68,"column":65}},"40":{"start":{"line":69,"column":24},"end":{"line":69,"column":55}},"41":{"start":{"line":70,"column":24},"end":{"line":70,"column":61}},"42":{"start":{"line":73,"column":24},"end":{"line":75,"column":25}},"43":{"start":{"line":74,"column":28},"end":{"line":74,"column":76}},"44":{"start":{"line":76,"column":24},"end":{"line":78,"column":25}},"45":{"start":{"line":77,"column":28},"end":{"line":77,"column":107}},"46":{"start":{"line":83,"column":12},"end":{"line":83,"column":19}},"47":{"start":{"line":87,"column":28},"end":{"line":87,"column":68}},"48":{"start":{"line":90,"column":8},"end":{"line":98,"column":9}},"49":{"start":{"line":91,"column":12},"end":{"line":91,"column":69}},"50":{"start":{"line":92,"column":12},"end":{"line":92,"column":49}},"51":{"start":{"line":93,"column":12},"end":{"line":93,"column":56}},"52":{"start":{"line":94,"column":12},"end":{"line":94,"column":39}},"53":{"start":{"line":95,"column":12},"end":{"line":95,"column":45}},"54":{"start":{"line":97,"column":12},"end":{"line":97,"column":19}},"55":{"start":{"line":101,"column":8},"end":{"line":101,"column":65}},"56":{"start":{"line":102,"column":8},"end":{"line":102,"column":34}},"57":{"start":{"line":103,"column":8},"end":{"line":103,"column":45}},"58":{"start":{"line":104,"column":8},"end":{"line":104,"column":33}},"59":{"start":{"line":106,"column":8},"end":{"line":106,"column":35}},"60":{"start":{"line":107,"column":8},"end":{"line":107,"column":41}},"61":{"start":{"line":110,"column":27},"end":{"line":115,"column":9}},"62":{"start":{"line":118,"column":8},"end":{"line":126,"column":9}},"63":{"start":{"line":119,"column":27},"end":{"line":119,"column":46}},"64":{"start":{"line":120,"column":27},"end":{"line":120,"column":46}},"65":{"start":{"line":123,"column":12},"end":{"line":125,"column":13}},"66":{"start":{"line":124,"column":16},"end":{"line":124,"column":46}},"67":{"start":{"line":131,"column":8},"end":{"line":133,"column":9}},"68":{"start":{"line":132,"column":12},"end":{"line":132,"column":35}},"69":{"start":{"line":135,"column":21},"end":{"line":135,"column":37}},"70":{"start":{"line":136,"column":21},"end":{"line":136,"column":40}},"71":{"start":{"line":138,"column":8},"end":{"line":138,"column":65}},"72":{"start":{"line":140,"column":28},"end":{"line":140,"column":68}},"73":{"start":{"line":141,"column":26},"end":{"line":141,"column":58}},"74":{"start":{"line":142,"column":26},"end":{"line":142,"column":58}},"75":{"start":{"line":145,"column":8},"end":{"line":190,"column":9}},"76":{"start":{"line":146,"column":12},"end":{"line":146,"column":69}},"77":{"start":{"line":147,"column":12},"end":{"line":147,"column":25}},"78":{"start":{"line":148,"column":12},"end":{"line":148,"column":45}},"79":{"start":{"line":150,"column":12},"end":{"line":153,"column":13}},"80":{"start":{"line":151,"column":16},"end":{"line":151,"column":29}},"81":{"start":{"line":152,"column":16},"end":{"line":152,"column":49}},"82":{"start":{"line":154,"column":15},"end":{"line":190,"column":9}},"83":{"start":{"line":155,"column":12},"end":{"line":155,"column":57}},"84":{"start":{"line":156,"column":12},"end":{"line":156,"column":25}},"85":{"start":{"line":157,"column":12},"end":{"line":157,"column":45}},"86":{"start":{"line":159,"column":12},"end":{"line":189,"column":13}},"87":{"start":{"line":160,"column":16},"end":{"line":160,"column":29}},"88":{"start":{"line":161,"column":16},"end":{"line":161,"column":49}},"89":{"start":{"line":164,"column":16},"end":{"line":188,"column":17}},"90":{"start":{"line":166,"column":20},"end":{"line":181,"column":21}},"91":{"start":{"line":166,"column":35},"end":{"line":166,"column":36}},"92":{"start":{"line":167,"column":24},"end":{"line":180,"column":25}},"93":{"start":{"line":167,"column":39},"end":{"line":167,"column":40}},"94":{"start":{"line":168,"column":51},"end":{"line":168,"column":91}},"95":{"start":{"line":169,"column":28},"end":{"line":171,"column":29}},"96":{"start":{"line":170,"column":32},"end":{"line":170,"column":79}},"97":{"start":{"line":172,"column":28},"end":{"line":172,"column":68}},"98":{"start":{"line":173,"column":28},"end":{"line":173,"column":58}},"99":{"start":{"line":174,"column":28},"end":{"line":174,"column":64}},"100":{"start":{"line":177,"column":28},"end":{"line":179,"column":29}},"101":{"start":{"line":178,"column":32},"end":{"line":178,"column":79}},"102":{"start":{"line":182,"column":20},"end":{"line":182,"column":84}},"103":{"start":{"line":183,"column":20},"end":{"line":183,"column":46}},"104":{"start":{"line":184,"column":32},"end":{"line":184,"column":66}},"105":{"start":{"line":185,"column":20},"end":{"line":185,"column":54}},"106":{"start":{"line":186,"column":20},"end":{"line":186,"column":55}},"107":{"start":{"line":187,"column":20},"end":{"line":187,"column":41}},"108":{"start":{"line":195,"column":24},"end":{"line":195,"column":45}},"109":{"start":{"line":198,"column":0},"end":{"line":198,"column":33}}},"fnMap":{"0":{"name":"(anonymous_0)","decl":{"start":{"line":2,"column":4},"end":{"line":2,"column":5}},"loc":{"start":{"line":2,"column":18},"end":{"line":11,"column":5}},"line":2},"1":{"name":"(anonymous_1)","decl":{"start":{"line":14,"column":4},"end":{"line":14,"column":5}},"loc":{"start":{"line":14,"column":22},"end":{"line":32,"column":5}},"line":14},"2":{"name":"(anonymous_2)","decl":{"start":{"line":28,"column":33},"end":{"line":28,"column":34}},"loc":{"start":{"line":28,"column":44},"end":{"line":31,"column":9}},"line":28},"3":{"name":"(anonymous_3)","decl":{"start":{"line":35,"column":4},"end":{"line":35,"column":5}},"loc":{"start":{"line":35,"column":23},"end":{"line":127,"column":5}},"line":35},"4":{"name":"(anonymous_4)","decl":{"start":{"line":130,"column":4},"end":{"line":130,"column":5}},"loc":{"start":{"line":130,"column":45},"end":{"line":191,"column":5}},"line":130}},"branchMap":{"0":{"loc":{"start":{"line":15,"column":8},"end":{"line":17,"column":9}},"type":"if","locations":[{"start":{"line":15,"column":8},"end":{"line":17,"column":9}},{"start":{},"end":{}}],"line":15},"1":{"loc":{"start":{"line":41,"column":8},"end":{"line":43,"column":9}},"type":"if","locations":[{"start":{"line":41,"column":8},"end":{"line":43,"column":9}},{"start":{},"end":{}}],"line":41},"2":{"loc":{"start":{"line":41,"column":12},"end":{"line":41,"column":60}},"type":"binary-expr","locations":[{"start":{"line":41,"column":12},"end":{"line":41,"column":19}},{"start":{"line":41,"column":23},"end":{"line":41,"column":34}},{"start":{"line":41,"column":38},"end":{"line":41,"column":45}},{"start":{"line":41,"column":49},"end":{"line":41,"column":60}}],"line":41},"3":{"loc":{"start":{"line":46,"column":8},"end":{"line":48,"column":9}},"type":"if","locations":[{"start":{"line":46,"column":8},"end":{"line":48,"column":9}},{"start":{},"end":{}}],"line":46},"4":{"loc":{"start":{"line":51,"column":8},"end":{"line":84,"column":9}},"type":"if","locations":[{"start":{"line":51,"column":8},"end":{"line":84,"column":9}},{"start":{},"end":{}}],"line":51},"5":{"loc":{"start":{"line":62,"column":20},"end":{"line":79,"column":21}},"type":"if","locations":[{"start":{"line":62,"column":20},"end":{"line":79,"column":21}},{"start":{},"end":{}}],"line":62},"6":{"loc":{"start":{"line":64,"column":24},"end":{"line":66,"column":25}},"type":"if","locations":[{"start":{"line":64,"column":24},"end":{"line":66,"column":25}},{"start":{},"end":{}}],"line":64},"7":{"loc":{"start":{"line":73,"column":24},"end":{"line":75,"column":25}},"type":"if","locations":[{"start":{"line":73,"column":24},"end":{"line":75,"column":25}},{"start":{},"end":{}}],"line":73},"8":{"loc":{"start":{"line":73,"column":28},"end":{"line":73,"column":110}},"type":"binary-expr","locations":[{"start":{"line":73,"column":28},"end":{"line":73,"column":53}},{"start":{"line":73,"column":57},"end":{"line":73,"column":81}},{"start":{"line":73,"column":85},"end":{"line":73,"column":110}}],"line":73},"9":{"loc":{"start":{"line":76,"column":24},"end":{"line":78,"column":25}},"type":"if","locations":[{"start":{"line":76,"column":24},"end":{"line":78,"column":25}},{"start":{},"end":{}}],"line":76},"10":{"loc":{"start":{"line":90,"column":8},"end":{"line":98,"column":9}},"type":"if","locations":[{"start":{"line":90,"column":8},"end":{"line":98,"column":9}},{"start":{},"end":{}}],"line":90},"11":{"loc":{"start":{"line":90,"column":12},"end":{"line":90,"column":64}},"type":"binary-expr","locations":[{"start":{"line":90,"column":12},"end":{"line":90,"column":36}},{"start":{"line":90,"column":40},"end":{"line":90,"column":64}}],"line":90},"12":{"loc":{"start":{"line":123,"column":12},"end":{"line":125,"column":13}},"type":"if","locations":[{"start":{"line":123,"column":12},"end":{"line":125,"column":13}},{"start":{},"end":{}}],"line":123},"13":{"loc":{"start":{"line":123,"column":16},"end":{"line":123,"column":111}},"type":"binary-expr","locations":[{"start":{"line":123,"column":16},"end":{"line":123,"column":27}},{"start":{"line":123,"column":31},"end":{"line":123,"column":44}},{"start":{"line":123,"column":48},"end":{"line":123,"column":59}},{"start":{"line":123,"column":63},"end":{"line":123,"column":76}},{"start":{"line":123,"column":80},"end":{"line":123,"column":111}}],"line":123},"14":{"loc":{"start":{"line":130,"column":31},"end":{"line":130,"column":43}},"type":"default-arg","locations":[{"start":{"line":130,"column":39},"end":{"line":130,"column":43}}],"line":130},"15":{"loc":{"start":{"line":131,"column":8},"end":{"line":133,"column":9}},"type":"if","locations":[{"start":{"line":131,"column":8},"end":{"line":133,"column":9}},{"start":{},"end":{}}],"line":131},"16":{"loc":{"start":{"line":145,"column":8},"end":{"line":190,"column":9}},"type":"if","locations":[{"start":{"line":145,"column":8},"end":{"line":190,"column":9}},{"start":{"line":154,"column":15},"end":{"line":190,"column":9}}],"line":145},"17":{"loc":{"start":{"line":150,"column":12},"end":{"line":153,"column":13}},"type":"if","locations":[{"start":{"line":150,"column":12},"end":{"line":153,"column":13}},{"start":{},"end":{}}],"line":150},"18":{"loc":{"start":{"line":154,"column":15},"end":{"line":190,"column":9}},"type":"if","locations":[{"start":{"line":154,"column":15},"end":{"line":190,"column":9}},{"start":{},"end":{}}],"line":154},"19":{"loc":{"start":{"line":159,"column":12},"end":{"line":189,"column":13}},"type":"if","locations":[{"start":{"line":159,"column":12},"end":{"line":189,"column":13}},{"start":{},"end":{}}],"line":159},"20":{"loc":{"start":{"line":164,"column":16},"end":{"line":188,"column":17}},"type":"if","locations":[{"start":{"line":164,"column":16},"end":{"line":188,"column":17}},{"start":{},"end":{}}],"line":164},"21":{"loc":{"start":{"line":169,"column":28},"end":{"line":171,"column":29}},"type":"if","locations":[{"start":{"line":169,"column":28},"end":{"line":171,"column":29}},{"start":{},"end":{}}],"line":169},"22":{"loc":{"start":{"line":177,"column":28},"end":{"line":179,"column":29}},"type":"if","locations":[{"start":{"line":177,"column":28},"end":{"line":179,"column":29}},{"start":{},"end":{}}],"line":177},"23":{"loc":{"start":{"line":177,"column":32},"end":{"line":177,"column":114}},"type":"binary-expr","locations":[{"start":{"line":177,"column":32},"end":{"line":177,"column":57}},{"start":{"line":177,"column":61},"end":{"line":177,"column":85}},{"start":{"line":177,"column":89},"end":{"line":177,"column":114}}],"line":177}},"s":{"0":10,"1":10,"2":10,"3":10,"4":10,"5":10,"6":10,"7":10,"8":10,"9":1,"10":9,"11":9,"12":9,"13":9,"14":9,"15":9,"16":9,"17":4,"18":4,"19":19,"20":19,"21":19,"22":19,"23":2,"24":17,"25":1,"26":16,"27":1,"28":1,"29":1,"30":1,"31":1,"32":1,"33":3,"34":3,"35":9,"36":9,"37":9,"38":1,"39":9,"40":9,"41":9,"42":9,"43":3,"44":9,"45":1,"46":1,"47":15,"48":15,"49":10,"50":10,"51":10,"52":10,"53":10,"54":10,"55":5,"56":5,"57":5,"58":5,"59":5,"60":5,"61":5,"62":5,"63":20,"64":20,"65":20,"66":8,"67":6,"68":0,"69":6,"70":6,"71":6,"72":6,"73":6,"74":6,"75":6,"76":1,"77":1,"78":1,"79":1,"80":1,"81":1,"82":5,"83":5,"84":5,"85":5,"86":5,"87":4,"88":4,"89":4,"90":1,"91":1,"92":3,"93":3,"94":9,"95":9,"96":3,"97":9,"98":9,"99":9,"100":9,"101":6,"102":1,"103":1,"104":1,"105":1,"106":1,"107":1,"108":1,"109":1},"f":{"0":10,"1":10,"2":4,"3":19,"4":6},"b":{"0":[1,9],"1":[2,17],"2":[19,18,17,17],"3":[1,16],"4":[1,15],"5":[9,0],"6":[1,8],"7":[3,6],"8":[9,9,4],"9":[1,8],"10":[10,5],"11":[15,10],"12":[8,12],"13":[20,17,16,13,12],"14":[6],"15":[0,6],"16":[1,5],"17":[1,0],"18":[5,0],"19":[4,1],"20":[1,3],"21":[3,6],"22":[6,3],"23":[9,9,9]},"_coverageSchema":"1a1c01bbd47fc00a2c39e90264f33305004495a9","hash":"f8b7f57748cf5cfd45d70259d7b5af6f4be691b9"}
}
