TN:
SF:src\public\js\gameFunctions.js
FN:2,(anonymous_0)
FN:15,(anonymous_1)
FN:29,(anonymous_2)
FN:36,(anonymous_3)
FN:131,(anonymous_4)
FNF:5
FNH:5
FNDA:11,(anonymous_0)
FNDA:10,(anonymous_1)
FNDA:4,(anonymous_2)
FNDA:19,(anonymous_3)
FNDA:6,(anonymous_4)
DA:3,11
DA:4,11
DA:5,11
DA:6,11
DA:7,11
DA:8,11
DA:9,11
DA:10,11
DA:16,10
DA:17,1
DA:20,9
DA:21,9
DA:22,9
DA:23,9
DA:25,9
DA:26,9
DA:29,9
DA:30,4
DA:31,4
DA:37,19
DA:38,19
DA:39,19
DA:42,19
DA:43,2
DA:47,17
DA:48,1
DA:52,16
DA:53,1
DA:54,1
DA:56,1
DA:57,1
DA:60,1
DA:61,3
DA:62,9
DA:63,9
DA:65,9
DA:66,1
DA:69,9
DA:70,9
DA:71,9
DA:74,9
DA:75,3
DA:77,9
DA:78,1
DA:84,1
DA:88,15
DA:91,15
DA:92,10
DA:93,10
DA:94,10
DA:95,10
DA:96,10
DA:98,10
DA:102,5
DA:103,5
DA:104,5
DA:105,5
DA:107,5
DA:108,5
DA:111,5
DA:119,5
DA:120,20
DA:121,20
DA:124,20
DA:125,8
DA:132,6
DA:133,0
DA:136,6
DA:137,6
DA:139,6
DA:141,6
DA:142,6
DA:143,6
DA:146,6
DA:147,1
DA:148,1
DA:149,1
DA:151,1
DA:152,1
DA:153,1
DA:155,5
DA:156,5
DA:157,5
DA:158,5
DA:160,5
DA:161,4
DA:162,4
DA:165,4
DA:167,1
DA:168,3
DA:169,9
DA:170,9
DA:171,3
DA:173,9
DA:174,9
DA:175,9
DA:178,9
DA:179,6
DA:183,1
DA:184,1
DA:185,1
DA:186,1
DA:188,1
DA:189,1
DA:190,1
DA:191,1
DA:243,2
DA:246,2
LF:108
LH:107
BRDA:16,0,0,1
BRDA:16,0,1,9
BRDA:42,1,0,2
BRDA:42,1,1,17
BRDA:42,2,0,19
BRDA:42,2,1,18
BRDA:42,2,2,17
BRDA:42,2,3,17
BRDA:47,3,0,1
BRDA:47,3,1,16
BRDA:52,4,0,1
BRDA:52,4,1,15
BRDA:63,5,0,9
BRDA:63,5,1,0
BRDA:65,6,0,1
BRDA:65,6,1,8
BRDA:74,7,0,3
BRDA:74,7,1,6
BRDA:74,8,0,9
BRDA:74,8,1,9
BRDA:74,8,2,4
BRDA:77,9,0,1
BRDA:77,9,1,8
BRDA:91,10,0,10
BRDA:91,10,1,5
BRDA:91,11,0,15
BRDA:91,11,1,10
BRDA:124,12,0,8
BRDA:124,12,1,12
BRDA:124,13,0,20
BRDA:124,13,1,17
BRDA:124,13,2,16
BRDA:124,13,3,13
BRDA:124,13,4,12
BRDA:131,14,0,6
BRDA:132,15,0,0
BRDA:132,15,1,6
BRDA:146,16,0,1
BRDA:146,16,1,5
BRDA:151,17,0,1
BRDA:151,17,1,0
BRDA:155,18,0,5
BRDA:155,18,1,0
BRDA:160,19,0,4
BRDA:160,19,1,1
BRDA:165,20,0,1
BRDA:165,20,1,3
BRDA:170,21,0,3
BRDA:170,21,1,6
BRDA:178,22,0,6
BRDA:178,22,1,3
BRDA:178,23,0,9
BRDA:178,23,1,9
BRDA:178,23,2,9
BRF:54
BRH:50
end_of_record
