TN:
SF:src\public\js\gameFunctions.js
FN:2,(anonymous_0)
FN:14,(anonymous_1)
FN:28,(anonymous_2)
FN:35,(anonymous_3)
FN:130,(anonymous_4)
FNF:5
FNH:5
FNDA:10,(anonymous_0)
FNDA:10,(anonymous_1)
FNDA:4,(anonymous_2)
FNDA:19,(anonymous_3)
FNDA:6,(anonymous_4)
DA:3,10
DA:4,10
DA:5,10
DA:6,10
DA:7,10
DA:8,10
DA:9,10
DA:10,10
DA:15,10
DA:16,1
DA:19,9
DA:20,9
DA:21,9
DA:22,9
DA:24,9
DA:25,9
DA:28,9
DA:29,4
DA:30,4
DA:36,19
DA:37,19
DA:38,19
DA:41,19
DA:42,2
DA:46,17
DA:47,1
DA:51,16
DA:52,1
DA:53,1
DA:55,1
DA:56,1
DA:59,1
DA:60,3
DA:61,9
DA:62,9
DA:64,9
DA:65,1
DA:68,9
DA:69,9
DA:70,9
DA:73,9
DA:74,3
DA:76,9
DA:77,1
DA:83,1
DA:87,15
DA:90,15
DA:91,10
DA:92,10
DA:93,10
DA:94,10
DA:95,10
DA:97,10
DA:101,5
DA:102,5
DA:103,5
DA:104,5
DA:106,5
DA:107,5
DA:110,5
DA:118,5
DA:119,20
DA:120,20
DA:123,20
DA:124,8
DA:131,6
DA:132,0
DA:135,6
DA:136,6
DA:138,6
DA:140,6
DA:141,6
DA:142,6
DA:145,6
DA:146,1
DA:147,1
DA:148,1
DA:150,1
DA:151,1
DA:152,1
DA:154,5
DA:155,5
DA:156,5
DA:157,5
DA:159,5
DA:160,4
DA:161,4
DA:164,4
DA:166,1
DA:167,3
DA:168,9
DA:169,9
DA:170,3
DA:172,9
DA:173,9
DA:174,9
DA:177,9
DA:178,6
DA:182,1
DA:183,1
DA:184,1
DA:185,1
DA:186,1
DA:187,1
DA:195,1
DA:198,1
LF:106
LH:105
BRDA:15,0,0,1
BRDA:15,0,1,9
BRDA:41,1,0,2
BRDA:41,1,1,17
BRDA:41,2,0,19
BRDA:41,2,1,18
BRDA:41,2,2,17
BRDA:41,2,3,17
BRDA:46,3,0,1
BRDA:46,3,1,16
BRDA:51,4,0,1
BRDA:51,4,1,15
BRDA:62,5,0,9
BRDA:62,5,1,0
BRDA:64,6,0,1
BRDA:64,6,1,8
BRDA:73,7,0,3
BRDA:73,7,1,6
BRDA:73,8,0,9
BRDA:73,8,1,9
BRDA:73,8,2,4
BRDA:76,9,0,1
BRDA:76,9,1,8
BRDA:90,10,0,10
BRDA:90,10,1,5
BRDA:90,11,0,15
BRDA:90,11,1,10
BRDA:123,12,0,8
BRDA:123,12,1,12
BRDA:123,13,0,20
BRDA:123,13,1,17
BRDA:123,13,2,16
BRDA:123,13,3,13
BRDA:123,13,4,12
BRDA:130,14,0,6
BRDA:131,15,0,0
BRDA:131,15,1,6
BRDA:145,16,0,1
BRDA:145,16,1,5
BRDA:150,17,0,1
BRDA:150,17,1,0
BRDA:154,18,0,5
BRDA:154,18,1,0
BRDA:159,19,0,4
BRDA:159,19,1,1
BRDA:164,20,0,1
BRDA:164,20,1,3
BRDA:169,21,0,3
BRDA:169,21,1,6
BRDA:177,22,0,6
BRDA:177,22,1,3
BRDA:177,23,0,9
BRDA:177,23,1,9
BRDA:177,23,2,9
BRF:54
BRH:50
end_of_record
